10:46:27.049 [main] TRACE com.sfaci.ejemplolog4j.Aplicacion - Aplicación iniciada
10:46:27.051 [main] ERROR com.sfaci.ejemplolog4j.Aplicacion - Error de algo
10:46:27.051 [main] TRACE com.sfaci.ejemplolog4j.Aplicacion - Aplicación finalizada
10:46:27.051 [main] DEBUG com.sfaci.ejemplolog4j.Aplicacion - Información para depurar
10:46:27.051 [main] WARN  com.sfaci.ejemplolog4j.Aplicacion - Esto es un aviso
10:46:27.051 [main] TRACE com.sfaci.ejemplolog4j.OtraClase - Se ha ejecutado el método unMetodo
10:46:27.052 [main] TRACE com.sfaci.ejemplolog4j.Aplicacion - Se ha producido una excepción
10:46:27.052 [main] ERROR com.sfaci.ejemplolog4j.Aplicacion - java.lang.ArithmeticException: / by zero
	at com.sfaci.ejemplolog4j.Aplicacion.main(Aplicacion.java:38)
	at sun.reflect.NativeMethodAccessorImpl.invoke0(Native Method)
	at sun.reflect.NativeMethodAccessorImpl.invoke(NativeMethodAccessorImpl.java:62)
	at sun.reflect.DelegatingMethodAccessorImpl.invoke(DelegatingMethodAccessorImpl.java:43)
	at java.lang.reflect.Method.invoke(Method.java:483)
	at com.intellij.rt.execution.application.AppMain.main(AppMain.java:134)

10:47:49.174 [main] TRACE com.sfaci.ejemplolog4j.Aplicacion - Aplicación iniciada
10:47:49.176 [main] ERROR com.sfaci.ejemplolog4j.Aplicacion - Error de algo
10:47:49.176 [main] TRACE com.sfaci.ejemplolog4j.Aplicacion - Aplicación finalizada
10:47:49.176 [main] DEBUG com.sfaci.ejemplolog4j.Aplicacion - Información para depurar
10:47:49.176 [main] WARN  com.sfaci.ejemplolog4j.Aplicacion - Esto es un aviso
10:47:49.176 [main] TRACE com.sfaci.ejemplolog4j.OtraClase - Se ha ejecutado el método unMetodo
10:47:49.176 [main] TRACE com.sfaci.ejemplolog4j.Aplicacion - Se ha producido una excepción
10:47:49.177 [main] ERROR com.sfaci.ejemplolog4j.Aplicacion - java.lang.ArithmeticException: / by zero
	at com.sfaci.ejemplolog4j.Aplicacion.main(Aplicacion.java:41)
	at sun.reflect.NativeMethodAccessorImpl.invoke0(Native Method)
	at sun.reflect.NativeMethodAccessorImpl.invoke(NativeMethodAccessorImpl.java:62)
	at sun.reflect.DelegatingMethodAccessorImpl.invoke(DelegatingMethodAccessorImpl.java:43)
	at java.lang.reflect.Method.invoke(Method.java:483)
	at com.intellij.rt.execution.application.AppMain.main(AppMain.java:134)

10:48:27.122 [main] TRACE com.sfaci.ejemplolog4j.Aplicacion - Aplicación iniciada
10:48:27.124 [main] ERROR com.sfaci.ejemplolog4j.Aplicacion - Error de algo
10:48:27.124 [main] TRACE com.sfaci.ejemplolog4j.Aplicacion - Aplicación finalizada
10:48:27.124 [main] DEBUG com.sfaci.ejemplolog4j.Aplicacion - Información para depurar
10:48:27.124 [main] WARN  com.sfaci.ejemplolog4j.Aplicacion - Esto es un aviso
10:48:27.125 [main] TRACE com.sfaci.ejemplolog4j.OtraClase - Se ha ejecutado el método unMetodo
10:48:27.125 [main] TRACE com.sfaci.ejemplolog4j.Aplicacion - Se ha producido una excepción
10:48:27.126 [main] ERROR com.sfaci.ejemplolog4j.Aplicacion - java.lang.ArithmeticException: / by zero
	at com.sfaci.ejemplolog4j.Aplicacion.main(Aplicacion.java:41)
	at sun.reflect.NativeMethodAccessorImpl.invoke0(Native Method)
	at sun.reflect.NativeMethodAccessorImpl.invoke(NativeMethodAccessorImpl.java:62)
	at sun.reflect.DelegatingMethodAccessorImpl.invoke(DelegatingMethodAccessorImpl.java:43)
	at java.lang.reflect.Method.invoke(Method.java:483)
	at com.intellij.rt.execution.application.AppMain.main(AppMain.java:134)

10:49:17.795 [main] TRACE com.sfaci.ejemplolog4j.Aplicacion - Aplicación iniciada
10:49:17.797 [main] ERROR com.sfaci.ejemplolog4j.Aplicacion - Error de algo
10:49:17.797 [main] TRACE com.sfaci.ejemplolog4j.Aplicacion - Aplicación finalizada
10:49:17.797 [main] DEBUG com.sfaci.ejemplolog4j.Aplicacion - Información para depurar
10:49:17.797 [main] WARN  com.sfaci.ejemplolog4j.Aplicacion - Esto es un aviso
10:49:17.798 [main] TRACE com.sfaci.ejemplolog4j.OtraClase - Se ha ejecutado el método unMetodo
10:49:17.798 [main] TRACE com.sfaci.ejemplolog4j.Aplicacion - Se ha producido una excepción
10:49:17.799 [main] ERROR com.sfaci.ejemplolog4j.Aplicacion - java.lang.ArithmeticException: / by zero
	at com.sfaci.ejemplolog4j.Aplicacion.main(Aplicacion.java:41)
	at sun.reflect.NativeMethodAccessorImpl.invoke0(Native Method)
	at sun.reflect.NativeMethodAccessorImpl.invoke(NativeMethodAccessorImpl.java:62)
	at sun.reflect.DelegatingMethodAccessorImpl.invoke(DelegatingMethodAccessorImpl.java:43)
	at java.lang.reflect.Method.invoke(Method.java:483)
	at com.intellij.rt.execution.application.AppMain.main(AppMain.java:134)

10:49:38.522 [main] ERROR com.sfaci.ejemplolog4j.Aplicacion - Error de algo
10:49:38.523 [main] DEBUG com.sfaci.ejemplolog4j.Aplicacion - Información para depurar
10:49:38.523 [main] WARN  com.sfaci.ejemplolog4j.Aplicacion - Esto es un aviso
10:49:38.524 [main] ERROR com.sfaci.ejemplolog4j.Aplicacion - java.lang.ArithmeticException: / by zero
	at com.sfaci.ejemplolog4j.Aplicacion.main(Aplicacion.java:41)
	at sun.reflect.NativeMethodAccessorImpl.invoke0(Native Method)
	at sun.reflect.NativeMethodAccessorImpl.invoke(NativeMethodAccessorImpl.java:62)
	at sun.reflect.DelegatingMethodAccessorImpl.invoke(DelegatingMethodAccessorImpl.java:43)
	at java.lang.reflect.Method.invoke(Method.java:483)
	at com.intellij.rt.execution.application.AppMain.main(AppMain.java:134)

10:49:59.615 [main] TRACE com.sfaci.ejemplolog4j.Aplicacion - Aplicación iniciada
10:49:59.616 [main] ERROR com.sfaci.ejemplolog4j.Aplicacion - Error de algo
10:49:59.616 [main] TRACE com.sfaci.ejemplolog4j.Aplicacion - Aplicación finalizada
10:49:59.616 [main] DEBUG com.sfaci.ejemplolog4j.Aplicacion - Información para depurar
10:49:59.616 [main] WARN  com.sfaci.ejemplolog4j.Aplicacion - Esto es un aviso
10:49:59.617 [main] TRACE com.sfaci.ejemplolog4j.OtraClase - Se ha ejecutado el método unMetodo
10:49:59.617 [main] TRACE com.sfaci.ejemplolog4j.Aplicacion - Se ha producido una excepción
10:49:59.618 [main] ERROR com.sfaci.ejemplolog4j.Aplicacion - java.lang.ArithmeticException: / by zero
	at com.sfaci.ejemplolog4j.Aplicacion.main(Aplicacion.java:41)
	at sun.reflect.NativeMethodAccessorImpl.invoke0(Native Method)
	at sun.reflect.NativeMethodAccessorImpl.invoke(NativeMethodAccessorImpl.java:62)
	at sun.reflect.DelegatingMethodAccessorImpl.invoke(DelegatingMethodAccessorImpl.java:43)
	at java.lang.reflect.Method.invoke(Method.java:483)
	at com.intellij.rt.execution.application.AppMain.main(AppMain.java:134)

10:50:28.875 [main] TRACE com.sfaci.ejemplolog4j.Aplicacion - Aplicación iniciada
10:50:28.876 [main] ERROR com.sfaci.ejemplolog4j.Aplicacion - Error de algo
10:50:28.876 [main] TRACE com.sfaci.ejemplolog4j.Aplicacion - Aplicación finalizada
10:50:28.876 [main] DEBUG com.sfaci.ejemplolog4j.Aplicacion - Información para depurar
10:50:28.876 [main] WARN  com.sfaci.ejemplolog4j.Aplicacion - Esto es un aviso
10:50:28.877 [main] TRACE com.sfaci.ejemplolog4j.OtraClase - Se ha ejecutado el método unMetodo
10:50:28.877 [main] TRACE com.sfaci.ejemplolog4j.Aplicacion - Se ha producido una excepción
10:50:28.878 [main] ERROR com.sfaci.ejemplolog4j.Aplicacion - java.lang.ArithmeticException: / by zero
	at com.sfaci.ejemplolog4j.Aplicacion.main(Aplicacion.java:41)
	at sun.reflect.NativeMethodAccessorImpl.invoke0(Native Method)
	at sun.reflect.NativeMethodAccessorImpl.invoke(NativeMethodAccessorImpl.java:62)
	at sun.reflect.DelegatingMethodAccessorImpl.invoke(DelegatingMethodAccessorImpl.java:43)
	at java.lang.reflect.Method.invoke(Method.java:483)
	at com.intellij.rt.execution.application.AppMain.main(AppMain.java:134)

